<?xml version="1.0" encoding="UTF-8"?>
<!-- Generated by org.testng.reporters.JUnitXMLReporter -->
<testsuite ignored="0" hostname="EPINPUNW0265" failures="1" tests="1" name="Default test" time="1.472" errors="0" timestamp="2025-01-11T16:17:11 IST">
  <testcase classname="fis.api.ApiAutomationTest" name="ApiGetTest" time="1.077">
    <failure type="java.lang.RuntimeException" message="com.fasterxml.jackson.databind.exc.UnrecognizedPropertyException: Unrecognized field &amp;quot;USD&amp;quot; (class fis.api.model.response.Bpi), not marked as ignorable (3 known properties: &amp;quot;eur&amp;quot;, &amp;quot;gbp&amp;quot;, &amp;quot;usd&amp;quot;])
 at [Source: (String)&amp;quot;{&amp;quot;time&amp;quot;:{&amp;quot;updated&amp;quot;:&amp;quot;Jan 11, 2025 10:46:50 UTC&amp;quot;,&amp;quot;updatedISO&amp;quot;:&amp;quot;2025-01-11T10:46:50+00:00&amp;quot;,&amp;quot;updateduk&amp;quot;:&amp;quot;Jan 11, 2025 at 10:46 GMT&amp;quot;},&amp;quot;disclaimer&amp;quot;:&amp;quot;This data was produced from the CoinDesk Bitcoin Price Index (USD). Non-USD currency data converted using hourly conversion rate from openexchangerates.org&amp;quot;,&amp;quot;chartName&amp;quot;:&amp;quot;Bitcoin&amp;quot;,&amp;quot;bpi&amp;quot;:{&amp;quot;USD&amp;quot;:{&amp;quot;code&amp;quot;:&amp;quot;USD&amp;quot;,&amp;quot;symbol&amp;quot;:&amp;quot;&amp;amp;#36;&amp;quot;,&amp;quot;rate&amp;quot;:&amp;quot;95,841.014&amp;quot;,&amp;quot;description&amp;quot;:&amp;quot;United States Dollar&amp;quot;,&amp;quot;rate_float&amp;quot;:95841.0135},&amp;quot;GBP&amp;quot;:{&amp;quot;code&amp;quot;:&amp;quot;GBP&amp;quot;,&amp;quot;symbol&amp;quot;:&amp;quot;&amp;pound;&amp;quot;,&amp;quot;rate&amp;quot;:&amp;quot;76,44&amp;quot;[truncated 176 chars]; line: 1, column: 337] (through reference chain: fis.api.model.response.ApiResponse[&amp;quot;bpi&amp;quot;]-&amp;gt;fis.api.model.response.Bpi[&amp;quot;USD&amp;quot;])">
      <![CDATA[java.lang.RuntimeException: com.fasterxml.jackson.databind.exc.UnrecognizedPropertyException: Unrecognized field "USD" (class fis.api.model.response.Bpi), not marked as ignorable (3 known properties: "eur", "gbp", "usd"])
 at [Source: (String)"{"time":{"updated":"Jan 11, 2025 10:46:50 UTC","updatedISO":"2025-01-11T10:46:50+00:00","updateduk":"Jan 11, 2025 at 10:46 GMT"},"disclaimer":"This data was produced from the CoinDesk Bitcoin Price Index (USD). Non-USD currency data converted using hourly conversion rate from openexchangerates.org","chartName":"Bitcoin","bpi":{"USD":{"code":"USD","symbol":"&#36;","rate":"95,841.014","description":"United States Dollar","rate_float":95841.0135},"GBP":{"code":"GBP","symbol":"&pound;","rate":"76,44"[truncated 176 chars]; line: 1, column: 337] (through reference chain: fis.api.model.response.ApiResponse["bpi"]->fis.api.model.response.Bpi["USD"])
at io.restassured.internal.path.json.mapping.JsonPathJackson2ObjectDeserializer.deserialize(JsonPathJackson2ObjectDeserializer.java:30)
at io.restassured.path.json.mapping.JsonPathObjectDeserializer$deserialize.call(Unknown Source)
at org.codehaus.groovy.runtime.callsite.CallSiteArray.defaultCall(CallSiteArray.java:45)
at org.codehaus.groovy.runtime.callsite.AbstractCallSite.call(AbstractCallSite.java:125)
at org.codehaus.groovy.runtime.callsite.AbstractCallSite.call(AbstractCallSite.java:139)
at io.restassured.internal.mapping.Jackson2Mapper.deserialize(Jackson2Mapper.groovy:58)
at io.restassured.mapper.ObjectMapper$deserialize.call(Unknown Source)
at org.codehaus.groovy.runtime.callsite.CallSiteArray.defaultCall(CallSiteArray.java:45)
at org.codehaus.groovy.runtime.callsite.AbstractCallSite.call(AbstractCallSite.java:125)
at org.codehaus.groovy.runtime.callsite.AbstractCallSite.call(AbstractCallSite.java:139)
at io.restassured.internal.mapping.ObjectMapping.parseWithJackson2(ObjectMapping.groovy:254)
at io.restassured.internal.mapping.ObjectMapping$parseWithJackson2$0.callStatic(Unknown Source)
at org.codehaus.groovy.runtime.callsite.CallSiteArray.defaultCallStatic(CallSiteArray.java:53)
at org.codehaus.groovy.runtime.callsite.AbstractCallSite.callStatic(AbstractCallSite.java:217)
at org.codehaus.groovy.runtime.callsite.AbstractCallSite.callStatic(AbstractCallSite.java:240)
at io.restassured.internal.mapping.ObjectMapping.deserialize(ObjectMapping.groovy:56)
at io.restassured.internal.mapping.ObjectMapping$deserialize.call(Unknown Source)
at org.codehaus.groovy.runtime.callsite.CallSiteArray.defaultCall(CallSiteArray.java:45)
at org.codehaus.groovy.runtime.callsite.AbstractCallSite.call(AbstractCallSite.java:125)
at io.restassured.internal.RestAssuredResponseOptionsGroovyImpl.as(RestAssuredResponseOptionsGroovyImpl.groovy:229)
at io.restassured.internal.RestAssuredResponseOptionsImpl.as(RestAssuredResponseOptionsImpl.java:169)
at fis.api.ApiAutomationTest.ApiGetTest(ApiAutomationTest.java:19)
at java.base/jdk.internal.reflect.NativeMethodAccessorImpl.invoke0(Native Method)
at java.base/jdk.internal.reflect.NativeMethodAccessorImpl.invoke(NativeMethodAccessorImpl.java:77)
at java.base/jdk.internal.reflect.DelegatingMethodAccessorImpl.invoke(DelegatingMethodAccessorImpl.java:43)
at java.base/java.lang.reflect.Method.invoke(Method.java:568)
at org.testng.internal.invokers.MethodInvocationHelper.invokeMethod(MethodInvocationHelper.java:139)
at org.testng.internal.invokers.TestInvoker.invokeMethod(TestInvoker.java:677)
at org.testng.internal.invokers.TestInvoker.invokeTestMethod(TestInvoker.java:221)
at org.testng.internal.invokers.MethodRunner.runInSequence(MethodRunner.java:50)
at org.testng.internal.invokers.TestInvoker$MethodInvocationAgent.invoke(TestInvoker.java:969)
at org.testng.internal.invokers.TestInvoker.invokeTestMethods(TestInvoker.java:194)
at org.testng.internal.invokers.TestMethodWorker.invokeTestMethods(TestMethodWorker.java:148)
at org.testng.internal.invokers.TestMethodWorker.run(TestMethodWorker.java:128)
at java.base/java.util.ArrayList.forEach(ArrayList.java:1511)
at org.testng.TestRunner.privateRun(TestRunner.java:829)
at org.testng.TestRunner.run(TestRunner.java:602)
at org.testng.SuiteRunner.runTest(SuiteRunner.java:437)
at org.testng.SuiteRunner.runSequentially(SuiteRunner.java:431)
at org.testng.SuiteRunner.privateRun(SuiteRunner.java:391)
at org.testng.SuiteRunner.run(SuiteRunner.java:330)
at org.testng.SuiteRunnerWorker.runSuite(SuiteRunnerWorker.java:52)
at org.testng.SuiteRunnerWorker.run(SuiteRunnerWorker.java:95)
at org.testng.TestNG.runSuitesSequentially(TestNG.java:1256)
at org.testng.TestNG.runSuitesLocally(TestNG.java:1176)
at org.testng.TestNG.runSuites(TestNG.java:1099)
at org.testng.TestNG.run(TestNG.java:1067)
at org.testng.remote.AbstractRemoteTestNG.run(AbstractRemoteTestNG.java:115)
at org.testng.remote.RemoteTestNG.initAndRun(RemoteTestNG.java:251)
at org.testng.remote.RemoteTestNG.main(RemoteTestNG.java:77)
Caused by: com.fasterxml.jackson.databind.exc.UnrecognizedPropertyException: Unrecognized field "USD" (class fis.api.model.response.Bpi), not marked as ignorable (3 known properties: "eur", "gbp", "usd"])
 at [Source: (String)"{"time":{"updated":"Jan 11, 2025 10:46:50 UTC","updatedISO":"2025-01-11T10:46:50+00:00","updateduk":"Jan 11, 2025 at 10:46 GMT"},"disclaimer":"This data was produced from the CoinDesk Bitcoin Price Index (USD). Non-USD currency data converted using hourly conversion rate from openexchangerates.org","chartName":"Bitcoin","bpi":{"USD":{"code":"USD","symbol":"&#36;","rate":"95,841.014","description":"United States Dollar","rate_float":95841.0135},"GBP":{"code":"GBP","symbol":"&pound;","rate":"76,44"[truncated 176 chars]; line: 1, column: 337] (through reference chain: fis.api.model.response.ApiResponse["bpi"]->fis.api.model.response.Bpi["USD"])
at com.fasterxml.jackson.databind.exc.UnrecognizedPropertyException.from(UnrecognizedPropertyException.java:61)
at com.fasterxml.jackson.databind.DeserializationContext.handleUnknownProperty(DeserializationContext.java:843)
at com.fasterxml.jackson.databind.deser.std.StdDeserializer.handleUnknownProperty(StdDeserializer.java:1206)
at com.fasterxml.jackson.databind.deser.BeanDeserializerBase.handleUnknownProperty(BeanDeserializerBase.java:1592)
at com.fasterxml.jackson.databind.deser.BeanDeserializerBase.handleUnknownVanilla(BeanDeserializerBase.java:1570)
at com.fasterxml.jackson.databind.deser.BeanDeserializer.vanillaDeserialize(BeanDeserializer.java:294)
at com.fasterxml.jackson.databind.deser.BeanDeserializer.deserialize(BeanDeserializer.java:151)
at com.fasterxml.jackson.databind.deser.impl.MethodProperty.deserializeAndSet(MethodProperty.java:129)
at com.fasterxml.jackson.databind.deser.BeanDeserializer.vanillaDeserialize(BeanDeserializer.java:288)
at com.fasterxml.jackson.databind.deser.BeanDeserializer.deserialize(BeanDeserializer.java:151)
at com.fasterxml.jackson.databind.ObjectMapper._readMapAndClose(ObjectMapper.java:4218)
at com.fasterxml.jackson.databind.ObjectMapper.readValue(ObjectMapper.java:3214)
at io.restassured.internal.path.json.mapping.JsonPathJackson2ObjectDeserializer.deserialize(JsonPathJackson2ObjectDeserializer.java:28)
... 49 more
]]>
    </failure>
  </testcase> <!-- ApiGetTest -->
</testsuite> <!-- Default test -->
