<?xml version="1.0" encoding="UTF-8"?>
<testng-results ignored="0" total="1" passed="1" failed="0" skipped="0">
  <reporter-output>
  </reporter-output>
  <suite started-at="2025-01-11T17:45:41 IST" name="WebSuite" finished-at="2025-01-11T17:46:28 IST" duration-ms="47100">
    <groups>
      <group name="cucumber">
        <method signature="AbstractTestNGCucumberTests.runScenario(io.cucumber.testng.PickleWrapper,io.cucumber.testng.FeatureWrapper)[pri:0, instance:fis.ecom.bdd.runner.TestNGTestRunner@3b0fe47a]" name="runScenario" class="io.cucumber.testng.AbstractTestNGCucumberTests"/>
      </group> <!-- cucumber -->
    </groups>
    <test started-at="2025-01-11T17:45:41 IST" name="Ebay Add to cart" finished-at="2025-01-11T17:46:28 IST" duration-ms="47100">
      <class name="fis.ecom.bdd.runner.TestNGTestRunner">
        <test-method is-config="true" signature="setUpClass(org.testng.ITestContext)[pri:0, instance:fis.ecom.bdd.runner.TestNGTestRunner@3b0fe47a]" started-at="2025-01-11T17:45:41 IST" name="setUpClass" finished-at="2025-01-11T17:45:41 IST" duration-ms="453" status="PASS">
          <params>
            <param index="0">
              <value>
                <![CDATA[org.testng.TestRunner@5e7cd6cc]]>
              </value>
            </param>
          </params>
          <reporter-output>
          </reporter-output>
        </test-method> <!-- setUpClass -->
        <test-method signature="runScenario(io.cucumber.testng.PickleWrapper,io.cucumber.testng.FeatureWrapper)[pri:0, instance:fis.ecom.bdd.runner.TestNGTestRunner@3b0fe47a]" started-at="2025-01-11T17:45:41 IST" name="runScenario" description="Runs Cucumber Scenarios" data-provider="scenarios" finished-at="2025-01-11T17:46:28 IST" duration-ms="46576" status="PASS">
          <params>
            <param index="0">
              <value>
                <![CDATA["Validate Ebay add to cart functionality"]]>
              </value>
            </param>
            <param index="1">
              <value>
                <![CDATA["Ebay add to cart Functionality"]]>
              </value>
            </param>
          </params>
          <reporter-output>
          </reporter-output>
        </test-method> <!-- runScenario -->
        <test-method is-config="true" signature="tearDownClass()[pri:0, instance:fis.ecom.bdd.runner.TestNGTestRunner@3b0fe47a]" started-at="2025-01-11T17:46:28 IST" name="tearDownClass" finished-at="2025-01-11T17:46:28 IST" duration-ms="27" status="PASS">
          <reporter-output>
          </reporter-output>
        </test-method> <!-- tearDownClass -->
      </class> <!-- fis.ecom.bdd.runner.TestNGTestRunner -->
    </test> <!-- Ebay Add to cart -->
  </suite> <!-- WebSuite -->
</testng-results>
