<?xml version="1.0" encoding="UTF-8"?>
<testng-results ignored="0" total="1" passed="1" failed="0" skipped="0">
  <reporter-output>
  </reporter-output>
  <suite started-at="2025-01-11T17:47:08 IST" name="APISuite" finished-at="2025-01-11T17:47:09 IST" duration-ms="1413">
    <groups>
    </groups>
    <test started-at="2025-01-11T17:47:08 IST" name="API automation" finished-at="2025-01-11T17:47:09 IST" duration-ms="1413">
      <class name="fis.api.ApiAutomationTest">
        <test-method is-config="true" signature="apiSetup()[pri:0, instance:fis.api.ApiAutomationTest@1ffaf86]" started-at="2025-01-11T17:47:08 IST" name="apiSetup" finished-at="2025-01-11T17:47:08 IST" duration-ms="388" status="PASS">
          <reporter-output>
          </reporter-output>
        </test-method> <!-- apiSetup -->
        <test-method signature="ApiGetTest()[pri:0, instance:fis.api.ApiAutomationTest@1ffaf86]" started-at="2025-01-11T17:47:08 IST" name="ApiGetTest" finished-at="2025-01-11T17:47:09 IST" duration-ms="987" status="PASS">
          <reporter-output>
          </reporter-output>
        </test-method> <!-- ApiGetTest -->
      </class> <!-- fis.api.ApiAutomationTest -->
    </test> <!-- API automation -->
  </suite> <!-- APISuite -->
</testng-results>
